TN:
SF:/tmp/costabs/EthereumPot.c
FN:2304,jump1511
#FN:2309
FN:432,jump76
#FN:437
FN:4235,jump3748
#FN:4240
FN:5740,main
#FN:5745
FN:5664,block4450_0_0
#FN:5672
FN:4796,block1667_0
#FN:4809
FN:439,jump87
#FN:444
FN:5322,block4383_0
#FN:5357
FN:3964,jump3574
#FN:3969
FN:4472,block4127
#FN:4479
FN:517,jump131
#FN:522
FN:3545,jump2943
#FN:3550
FN:2008,block1232
#FN:2040
FN:4988,block1745_1
#FN:4998
FN:483,jump109
#FN:488
FN:541,jump153
#FN:546
FN:4399,block3995
#FN:4463
FN:4638,jump1619_0
#FN:4643
FN:2247,block1471
#FN:2302
FN:3184,block2489
#FN:3189
FN:4529,block4169
#FN:4536
FN:2914,block2187
#FN:2922
FN:4606,block1611_0
#FN:4620
FN:582,block175
#FN:590
FN:884,block410
#FN:891
FN:3918,block3521
#FN:3951
FN:864,block398
#FN:873
FN:3844,block3452
#FN:3855
FN:398,jump13
#FN:403
FN:5468,block4422_0_0
#FN:5476
FN:5000,block4195_0
#FN:5090
FN:2311,block1511
#FN:2319
FN:2837,block2140
#FN:2846
FN:1842,block1093
#FN:1849
FN:2049,block1298
#FN:2058
FN:378,block13
#FN:396
FN:737,jump279
#FN:742
FN:1782,jump1062
#FN:1787
FN:2924,jump2195
#FN:2929
FN:2593,block1834
#FN:2601
FN:2181,block1428
#FN:2209
FN:4661,jump1619_1
#FN:4666
FN:1739,block987
#FN:1746
FN:2953,block2252
#FN:2988
FN:1690,block955
#FN:1710
FN:1921,block1144
#FN:1964
FN:5502,jump4422_1_0
#FN:5507
FN:5582,block4431_1_0
#FN:5603
FN:4762,jump1647_0
#FN:4767
FN:3642,block3064
#FN:3672
FN:3953,block3568
#FN:3962
FN:4742,block1647_0
#FN:4760
FN:2944,block2248
#FN:2951
FN:2859,block2152
#FN:2872
FN:3109,block2368
#FN:3114
FN:473,block109
#FN:481
FN:2211,jump1450
#FN:2216
FN:2060,block1306
#FN:2067
FN:1353,block738
#FN:1362
FN:2931,block2195
#FN:2942
FN:4538,block4173
#FN:4578
FN:4242,block3761
#FN:4313
FN:4393,block3993
#FN:4397
FN:1496,jump824
#FN:1501
FN:3314,jump2490
#FN:3319
FN:4022,block3616
#FN:4045
FN:4387,block3992
#FN:4391
FN:721,jump263
#FN:726
FN:3041,block2311
#FN:3100
FN:1851,block1097
#FN:1858
FN:5204,block4314_1
#FN:5222
FN:1389,block759
#FN:1417
FN:1485,block824
#FN:1494
FN:4339,block3876
#FN:4385
FN:4465,jump3995
#FN:4470
FN:456,block98
#FN:464
FN:3701,block3207
#FN:3705
FN:5453,block4416_1_1
#FN:5466
FN:677,jump241
#FN:682
FN:5408,block4416_0_0
#FN:5421
FN:3707,block3209
#FN:3732
FN:2229,block1458
#FN:2236
FN:626,block208
#FN:634
FN:1824,block1085
#FN:1833
FN:893,block419
#FN:921
FN:5628,block4446_0_0
#FN:5635
FN:1364,jump738
#FN:1369
FN:2449,block1609
#FN:2453
FN:4818,block1667_1
#FN:4831
FN:1835,jump1085
#FN:1840
FN:1651,block928
#FN:1659
FN:5230,block4328_1
#FN:5234
FN:5396,block4413_0
#FN:5400
FN:2990,jump2274
#FN:2995
FN:616,block197
#FN:624
FN:2350,block1538
#FN:2370
FN:5478,jump4422_0_0
#FN:5483
FN:1979,block1211
#FN:1988
FN:3741,block3228
#FN:3816
FN:4840,block1680_0
#FN:4845
FN:405,jump65
#FN:410
FN:4854,block1681_0
#FN:4890
FN:1860,block1106
#FN:1892
FN:2874,jump2152
#FN:2879
FN:4092,block3662
#FN:4101
FN:5184,block4314_0
#FN:5202
FN:4511,jump4151
#FN:4516
FN:1521,block845
#FN:1549
FN:2848,block2146
#FN:2857
FN:5359,block4383_1
#FN:5394
FN:3404,block2856
#FN:3408
FN:2462,block1751
#FN:2475
FN:412,block65
#FN:420
FN:2069,block1310
#FN:2109
FN:930,block441
#FN:939
FN:2111,block1341
#FN:2143
FN:2997,block2274
#FN:3005
FN:1972,jump1211
#FN:1977
FN:660,block230
#FN:668
FN:422,block76
#FN:430
FN:3827,block3441
#FN:3835
FN:5655,block4446_1_1
#FN:5662
FN:4163,block3705
#FN:4170
FN:5310,block4380_0
#FN:5314
FN:2152,block1407
#FN:2161
FN:3635,jump3064
#FN:3640
FN:1569,block875
#FN:1576
FN:524,jump142
#FN:529
FN:851,block396
#FN:855
FN:3520,block2927
#FN:3543
FN:4315,block3862
#FN:4323
FN:4645,block1619_0
#FN:4659
FN:4580,block4330
#FN:4604
FN:5559,block4431_0_1
#FN:5580
FN:2881,block2166
#FN:2885
FN:1901,block1132
#FN:1910
FN:3608,block3027
#FN:3633
FN:1007,block492
#FN:1014
FN:5519,block4422_1_1
#FN:5527
FN:4622,block1611_1
#FN:4636
FN:3596,block3017
#FN:3606
FN:4103,block3668
#FN:4112
FN:744,block279
#FN:753
FN:4218,block3748
#FN:4233
FN:2390,block1566
#FN:2397
FN:4331,block3871
#FN:4337
FN:4491,jump4131
#FN:4496
FN:1088,block549
#FN:1097
FN:2562,block1815
#FN:2584
FN:4179,block3709
#FN:4216
FN:5273,block4350_1
#FN:5308
FN:4789,jump1647_1
#FN:4794
FN:4156,jump3683
#FN:4161
FN:1644,jump928
#FN:1649
FN:4325,block3870
#FN:4329
FN:5485,jump4422_0_1
#FN:5490
FN:3135,block2388
#FN:3175
FN:3328,block2735
#FN:3392
FN:5438,block4416_1_0
#FN:5451
FN:358,jump0
#FN:363
FN:3416,block2858
#FN:3420
FN:1800,block1070
#FN:1807
FN:2555,jump1803
#FN:2560
FN:2172,block1419
#FN:2179
FN:840,block388
#FN:849
FN:3897,block3506
#FN:3910
FN:4811,jump1667_0
#FN:4816
FN:602,jump186
#FN:607
FN:4121,block3679
#FN:4128
FN:1503,block832
#FN:1510
FN:857,jump398
#FN:862
FN:3469,block2885
#FN:3518
FN:3818,block3437
#FN:3825
FN:4481,block4131
#FN:4489
FN:3007,block2285
#FN:3039
FN:3451,block2879
#FN:3460
FN:5704,init_globals
#FN:5737
FN:2528,block1795
#FN:2542
FN:1419,block781
#FN:1428
FN:446,block87
#FN:454
FN:4970,block1744_1
#FN:4974
FN:764,block291
#FN:804
FN:806,block322
#FN:838
FN:1380,block750
#FN:1387
FN:1894,jump1132
#FN:1899
FN:1455,block802
#FN:1483
FN:1115,block561
#FN:1345
FN:3102,jump2311
#FN:3107
FN:755,block287
#FN:762
FN:941,block449
#FN:948
FN:3440,block2873
#FN:3449
FN:950,block453
#FN:957
FN:4684,block1633_0
#FN:4697
FN:3837,jump3441
#FN:3842
FN:2887,block2167
#FN:2912
FN:5674,block4450_0_1
#FN:5682
FN:2383,jump1558
#FN:2388
FN:2455,jump1751
#FN:2460
FN:4706,block1633_1
#FN:4719
FN:2042,jump1298
#FN:2047
FN:4930,block1731_0
#FN:4945
FN:1371,block746
#FN:1378
FN:1730,block983
#FN:1737
FN:728,block274
#FN:735
FN:3674,block3150
#FN:3699
FN:1719,block975
#FN:1728
FN:3734,jump3228
#FN:3739
FN:1551,block867
#FN:1560
FN:1058,block527
#FN:1086
FN:4721,jump1633_1
#FN:4726
FN:507,block131
#FN:515
FN:1712,jump975
#FN:1717
FN:5492,block4422_0_1
#FN:5500
FN:3890,jump3506
#FN:3895
FN:2218,block1450
#FN:2227
FN:923,jump441
#FN:928
FN:3857,block3461
#FN:3861
FN:592,block186
#FN:600
FN:5637,block4446_0_1
#FN:5644
FN:2399,block1570
#FN:2406
FN:2163,block1415
#FN:2170
FN:5529,jump4422_1_1
#FN:5534
FN:3971,block3574
#FN:4020
FN:3394,block2849
#FN:3402
FN:1512,block836
#FN:1519
FN:1016,block496
#FN:1056
FN:3116,block2369
#FN:3133
FN:5509,block4422_1_0
#FN:5517
FN:1748,block996
#FN:1780
FN:996,block484
#FN:1005
FN:5536,block4431_0_0
#FN:5557
FN:4964,block1744_0
#FN:4968
FN:3863,block3468
#FN:3888
FN:4728,block1646_0
#FN:4733
FN:2544,block1803
#FN:2553
FN:1437,block789
#FN:1444
FN:1999,block1223
#FN:2006
FN:3321,jump2735
#FN:3326
FN:2238,block1462
#FN:2245
FN:1578,block879
#FN:1585
FN:5694,block4450_1_1
#FN:5702
FN:3410,block2857
#FN:3414
FN:3422,block2863
#FN:3438
FN:875,block406
#FN:882
FN:670,jump230
#FN:675
FN:3462,jump2885
#FN:3467
FN:684,block241
#FN:692
FN:609,jump197
#FN:614
FN:4735,block1646_1
#FN:4740
FN:1809,block1074
#FN:1816
FN:548,block153
#FN:556
FN:2408,block1579
#FN:2436
FN:1587,block888
#FN:1642
FN:5423,block4416_0_1
#FN:5436
FN:2145,jump1407
#FN:2150
FN:1966,block1209
#FN:1970
FN:565,block164
#FN:573
FN:4172,jump3709
#FN:4177
FN:4947,block1731_1
#FN:4962
FN:1990,block1219
#FN:1997
FN:5316,block4380_1
#FN:5320
FN:3191,block2490
#FN:3312
FN:5605,block4431_1_1
#FN:5626
FN:1562,jump867
#FN:1567
FN:575,jump175
#FN:580
FN:4114,jump3668
#FN:4119
FN:2321,block1520
#FN:2348
FN:4668,block1619_1
#FN:4682
FN:4892,block1681_1
#FN:4928
FN:4518,block4151
#FN:4527
FN:3177,jump2388
#FN:3182
FN:2586,jump1834
#FN:2591
FN:2519,block1791
#FN:2526
FN:500,jump120
#FN:505
FN:1430,jump781
#FN:1435
FN:466,jump98
#FN:471
FN:3552,block2943
#FN:3594
FN:5646,block4446_1_0
#FN:5653
FN:4976,block1745_0
#FN:4986
FN:711,block263
#FN:719
FN:4847,block1680_1
#FN:4852
FN:490,block120
#FN:498
FN:5402,block4413_1
#FN:5406
FN:1347,block736
#FN:1351
FN:2438,block1601
#FN:2447
FN:2486,block1769
#FN:2510
FN:643,jump219
#FN:648
FN:5092,block4195_1
#FN:5182
FN:636,jump208
#FN:641
FN:3912,block3520
#FN:3916
FN:1789,block1062
#FN:1798
FN:531,block142
#FN:539
FN:2831,block2136
#FN:2835
FN:4130,block3683
#FN:4154
FN:701,block252
#FN:709
FN:4769,block1647_1
#FN:4787
FN:959,block462
#FN:987
FN:1912,block1140
#FN:1919
FN:1099,jump549
#FN:1104
FN:1818,block1083
#FN:1822
FN:2372,block1558
#FN:2381
FN:5236,block4350_0
#FN:5271
FN:4833,jump1667_1
#FN:4838
FN:4047,jump3632
#FN:4052
FN:1661,block937
#FN:1688
FN:365,block0
#FN:376
FN:2603,block1844
#FN:2829
FN:2477,block1765
#FN:2484
FN:4054,block3632
#FN:4078
FN:989,jump484
#FN:994
FN:5224,block4328_0
#FN:5228
FN:1106,block557
#FN:1113
FN:694,jump252
#FN:699
FN:4699,jump1633_0
#FN:4704
FN:4080,block3652
#FN:4090
FN:5684,block4450_1_0
#FN:5692
FN:2512,jump1769
#FN:2517
FN:558,jump164
#FN:563
FN:1446,block793
#FN:1453
FN:4498,block4142
#FN:4509
FN:650,block219
#FN:658
FNDA:2,block322
FNDA:1,block1744_0
FNDA:1,block279
FNDA:2,block1745_0
FNDA:1,block287
FNDA:1,block1681_0
FNDA:1,jump279
FNDA:1,init_globals
FNDA:1,block1680_0
FNDA:1,block1633_0
FNDA:1,block1611_0
FNDA:1,jump1633_0
FNDA:1,block1647_0
FNDA:1,block1646_0
FNDA:1,block1667_0
FNDA:1,block1619_0
FNDA:1,jump1619_0
FNDA:1,jump1667_0
FNDA:1,block1731_0
FNDA:1,block291
FNDA:1,jump1647_0
DA:4,1
DA:5,1
DA:6,1
DA:7,1
DA:8,1
DA:9,1
DA:10,1
DA:11,1
DA:12,1
DA:13,1
DA:14,1
DA:15,1
DA:16,1
DA:17,1
DA:18,1
DA:19,1
DA:20,1
DA:21,1
DA:22,1
DA:23,1
DA:24,1
DA:25,1
DA:26,1
DA:27,1
DA:28,1
DA:29,1
DA:30,1
DA:31,1
DA:32,1
DA:33,1
DA:34,1
DA:35,1
DA:359,0
DA:360,0
DA:362,0
DA:367,0
DA:368,0
DA:370,0
DA:371,0
DA:372,0
DA:373,0
DA:374,0
DA:375,0
DA:380,0
DA:381,0
DA:382,0
DA:384,0
DA:385,0
DA:386,0
DA:387,0
DA:388,0
DA:389,0
DA:390,0
DA:391,0
DA:392,0
DA:393,0
DA:394,0
DA:395,0
DA:399,0
DA:400,0
DA:402,0
DA:406,0
DA:407,0
DA:409,0
DA:414,0
DA:415,0
DA:417,0
DA:418,0
DA:419,0
DA:424,0
DA:425,0
DA:427,0
DA:428,0
DA:429,0
DA:433,0
DA:434,0
DA:436,0
DA:440,0
DA:441,0
DA:443,0
DA:448,0
DA:449,0
DA:451,0
DA:452,0
DA:453,0
DA:458,0
DA:459,0
DA:461,0
DA:462,0
DA:463,0
DA:467,0
DA:468,0
DA:470,0
DA:475,0
DA:476,0
DA:478,0
DA:479,0
DA:480,0
DA:484,0
DA:485,0
DA:487,0
DA:492,0
DA:493,0
DA:495,0
DA:496,0
DA:497,0
DA:501,0
DA:502,0
DA:504,0
DA:509,0
DA:510,0
DA:512,0
DA:513,0
DA:514,0
DA:518,0
DA:519,0
DA:521,0
DA:525,0
DA:526,0
DA:528,0
DA:533,0
DA:534,0
DA:536,0
DA:537,0
DA:538,0
DA:542,0
DA:543,0
DA:545,0
DA:550,0
DA:551,0
DA:553,0
DA:554,0
DA:555,0
DA:559,0
DA:560,0
DA:562,0
DA:567,0
DA:568,0
DA:570,0
DA:571,0
DA:572,0
DA:576,0
DA:577,0
DA:579,0
DA:584,0
DA:585,0
DA:587,0
DA:588,0
DA:589,0
DA:594,0
DA:595,0
DA:597,0
DA:598,0
DA:599,0
DA:603,0
DA:604,0
DA:606,0
DA:610,0
DA:611,0
DA:613,0
DA:618,0
DA:619,0
DA:621,0
DA:622,0
DA:623,0
DA:628,0
DA:629,0
DA:631,0
DA:632,0
DA:633,0
DA:637,0
DA:638,0
DA:640,0
DA:644,0
DA:645,0
DA:647,0
DA:652,0
DA:653,0
DA:655,0
DA:656,0
DA:657,0
DA:662,0
DA:663,0
DA:665,0
DA:666,0
DA:667,0
DA:671,0
DA:672,0
DA:674,0
DA:678,0
DA:679,0
DA:681,0
DA:686,0
DA:687,0
DA:689,0
DA:690,0
DA:691,0
DA:695,0
DA:696,0
DA:698,0
DA:703,0
DA:704,0
DA:706,0
DA:707,0
DA:708,0
DA:713,0
DA:714,0
DA:716,0
DA:717,0
DA:718,0
DA:722,0
DA:723,0
DA:725,0
DA:730,0
DA:731,0
DA:733,0
DA:734,0
DA:738,2
DA:739,2
DA:741,2
DA:746,1
DA:747,1
DA:749,2
DA:750,1
DA:751,1
DA:752,2
DA:757,1
DA:758,1
DA:760,1
DA:761,1
DA:766,1
DA:767,1
DA:768,1
DA:769,1
DA:770,1
DA:772,1
DA:773,1
DA:774,1
DA:775,1
DA:776,1
DA:777,1
DA:778,1
DA:779,1
DA:780,1
DA:781,1
DA:782,1
DA:783,1
DA:784,1
DA:785,1
DA:786,1
DA:787,1
DA:788,1
DA:789,1
DA:790,1
DA:791,1
DA:792,1
DA:793,1
DA:794,1
DA:795,1
DA:796,1
DA:797,1
DA:798,1
DA:799,1
DA:800,1
DA:801,1
DA:802,1
DA:803,2
DA:808,2
DA:809,2
DA:810,2
DA:811,2
DA:813,2
DA:814,2
DA:815,2
DA:816,2
DA:817,2
DA:818,2
DA:819,2
DA:820,2
DA:821,2
DA:822,2
DA:823,2
DA:824,2
DA:825,2
DA:826,2
DA:827,2
DA:828,2
DA:829,2
DA:830,2
DA:831,2
DA:832,2
DA:833,2
DA:834,2
DA:835,2
DA:836,2
DA:837,2
DA:842,0
DA:843,0
DA:845,0
DA:846,0
DA:847,0
DA:848,0
DA:858,0
DA:859,0
DA:861,0
DA:866,0
DA:867,0
DA:869,0
DA:870,0
DA:871,0
DA:872,0
DA:877,0
DA:878,0
DA:880,0
DA:881,0
DA:886,0
DA:888,0
DA:889,0
DA:890,0
DA:895,0
DA:896,0
DA:897,0
DA:898,0
DA:900,0
DA:901,0
DA:902,0
DA:903,0
DA:904,0
DA:905,0
DA:906,0
DA:907,0
DA:908,0
DA:909,0
DA:910,0
DA:911,0
DA:912,0
DA:913,0
DA:914,0
DA:915,0
DA:916,0
DA:917,0
DA:918,0
DA:919,0
DA:920,0
DA:924,0
DA:925,0
DA:927,0
DA:932,0
DA:933,0
DA:935,0
DA:936,0
DA:937,0
DA:938,0
DA:943,0
DA:944,0
DA:946,0
DA:947,0
DA:952,0
DA:954,0
DA:955,0
DA:956,0
DA:961,0
DA:962,0
DA:963,0
DA:964,0
DA:966,0
DA:967,0
DA:968,0
DA:969,0
DA:970,0
DA:971,0
DA:972,0
DA:973,0
DA:974,0
DA:975,0
DA:976,0
DA:977,0
DA:978,0
DA:979,0
DA:980,0
DA:981,0
DA:982,0
DA:983,0
DA:984,0
DA:985,0
DA:986,0
DA:990,0
DA:991,0
DA:993,0
DA:998,0
DA:999,0
DA:1001,0
DA:1002,0
DA:1003,0
DA:1004,0
DA:1009,0
DA:1010,0
DA:1012,0
DA:1013,0
DA:1018,0
DA:1019,0
DA:1020,0
DA:1021,0
DA:1022,0
DA:1024,0
DA:1025,0
DA:1026,0
DA:1027,0
DA:1028,0
DA:1029,0
DA:1030,0
DA:1031,0
DA:1032,0
DA:1033,0
DA:1034,0
DA:1035,0
DA:1036,0
DA:1037,0
DA:1038,0
DA:1039,0
DA:1040,0
DA:1041,0
DA:1042,0
DA:1043,0
DA:1044,0
DA:1045,0
DA:1046,0
DA:1047,0
DA:1048,0
DA:1049,0
DA:1050,0
DA:1051,0
DA:1052,0
DA:1053,0
DA:1054,0
DA:1055,0
DA:1060,0
DA:1061,0
DA:1062,0
DA:1063,0
DA:1065,0
DA:1066,0
DA:1067,0
DA:1068,0
DA:1069,0
DA:1070,0
DA:1071,0
DA:1072,0
DA:1073,0
DA:1074,0
DA:1075,0
DA:1076,0
DA:1077,0
DA:1078,0
DA:1079,0
DA:1080,0
DA:1081,0
DA:1082,0
DA:1083,0
DA:1084,0
DA:1085,0
DA:1090,0
DA:1091,0
DA:1093,0
DA:1094,0
DA:1095,0
DA:1096,0
DA:1100,0
DA:1101,0
DA:1103,0
DA:1108,0
DA:1109,0
DA:1111,0
DA:1112,0
DA:1117,0
DA:1118,0
DA:1119,0
DA:1120,0
DA:1121,0
DA:1122,0
DA:1123,0
DA:1124,0
DA:1125,0
DA:1126,0
DA:1127,0
DA:1128,0
DA:1129,0
DA:1130,0
DA:1131,0
DA:1132,0
DA:1133,0
DA:1135,0
DA:1136,0
DA:1137,0
DA:1138,0
DA:1139,0
DA:1140,0
DA:1141,0
DA:1142,0
DA:1143,0
DA:1144,0
DA:1145,0
DA:1146,0
DA:1147,0
DA:1148,0
DA:1149,0
DA:1150,0
DA:1151,0
DA:1152,0
DA:1153,0
DA:1154,0
DA:1155,0
DA:1156,0
DA:1157,0
DA:1158,0
DA:1159,0
DA:1160,0
DA:1161,0
DA:1162,0
DA:1163,0
DA:1164,0
DA:1165,0
DA:1166,0
DA:1167,0
DA:1168,0
DA:1169,0
DA:1170,0
DA:1171,0
DA:1172,0
DA:1173,0
DA:1174,0
DA:1175,0
DA:1176,0
DA:1177,0
DA:1178,0
DA:1179,0
DA:1180,0
DA:1181,0
DA:1182,0
DA:1183,0
DA:1184,0
DA:1185,0
DA:1186,0
DA:1187,0
DA:1188,0
DA:1189,0
DA:1190,0
DA:1191,0
DA:1192,0
DA:1193,0
DA:1194,0
DA:1195,0
DA:1196,0
DA:1197,0
DA:1198,0
DA:1199,0
DA:1200,0
DA:1201,0
DA:1202,0
DA:1203,0
DA:1204,0
DA:1205,0
DA:1206,0
DA:1207,0
DA:1208,0
DA:1209,0
DA:1210,0
DA:1211,0
DA:1212,0
DA:1213,0
DA:1214,0
DA:1215,0
DA:1216,0
DA:1217,0
DA:1218,0
DA:1219,0
DA:1220,0
DA:1221,0
DA:1222,0
DA:1223,0
DA:1224,0
DA:1225,0
DA:1226,0
DA:1227,0
DA:1228,0
DA:1229,0
DA:1230,0
DA:1231,0
DA:1232,0
DA:1233,0
DA:1234,0
DA:1235,0
DA:1236,0
DA:1237,0
DA:1238,0
DA:1239,0
DA:1240,0
DA:1241,0
DA:1242,0
DA:1243,0
DA:1244,0
DA:1245,0
DA:1246,0
DA:1247,0
DA:1248,0
DA:1249,0
DA:1250,0
DA:1251,0
DA:1252,0
DA:1253,0
DA:1254,0
DA:1255,0
DA:1256,0
DA:1257,0
DA:1258,0
DA:1259,0
DA:1260,0
DA:1261,0
DA:1262,0
DA:1263,0
DA:1264,0
DA:1265,0
DA:1266,0
DA:1267,0
DA:1268,0
DA:1269,0
DA:1270,0
DA:1271,0
DA:1272,0
DA:1273,0
DA:1274,0
DA:1275,0
DA:1276,0
DA:1277,0
DA:1278,0
DA:1279,0
DA:1280,0
DA:1281,0
DA:1282,0
DA:1283,0
DA:1284,0
DA:1285,0
DA:1286,0
DA:1287,0
DA:1288,0
DA:1289,0
DA:1290,0
DA:1291,0
DA:1292,0
DA:1293,0
DA:1294,0
DA:1295,0
DA:1296,0
DA:1297,0
DA:1298,0
DA:1299,0
DA:1300,0
DA:1301,0
DA:1302,0
DA:1303,0
DA:1304,0
DA:1305,0
DA:1306,0
DA:1307,0
DA:1308,0
DA:1309,0
DA:1310,0
DA:1311,0
DA:1312,0
DA:1313,0
DA:1314,0
DA:1315,0
DA:1316,0
DA:1317,0
DA:1318,0
DA:1319,0
DA:1320,0
DA:1321,0
DA:1322,0
DA:1323,0
DA:1324,0
DA:1325,0
DA:1326,0
DA:1327,0
DA:1328,0
DA:1329,0
DA:1330,0
DA:1331,0
DA:1332,0
DA:1333,0
DA:1334,0
DA:1335,0
DA:1336,0
DA:1337,0
DA:1338,0
DA:1339,0
DA:1340,0
DA:1341,0
DA:1342,0
DA:1343,0
DA:1344,0
DA:1355,0
DA:1356,0
DA:1358,0
DA:1359,0
DA:1360,0
DA:1361,0
DA:1365,0
DA:1366,0
DA:1368,0
DA:1373,0
DA:1374,0
DA:1376,0
DA:1377,0
DA:1382,0
DA:1384,0
DA:1385,0
DA:1386,0
DA:1391,0
DA:1392,0
DA:1393,0
DA:1394,0
DA:1396,0
DA:1397,0
DA:1398,0
DA:1399,0
DA:1400,0
DA:1401,0
DA:1402,0
DA:1403,0
DA:1404,0
DA:1405,0
DA:1406,0
DA:1407,0
DA:1408,0
DA:1409,0
DA:1410,0
DA:1411,0
DA:1412,0
DA:1413,0
DA:1414,0
DA:1415,0
DA:1416,0
DA:1421,0
DA:1422,0
DA:1424,0
DA:1425,0
DA:1426,0
DA:1427,0
DA:1431,0
DA:1432,0
DA:1434,0
DA:1439,0
DA:1440,0
DA:1442,0
DA:1443,0
DA:1448,0
DA:1450,0
DA:1451,0
DA:1452,0
DA:1457,0
DA:1458,0
DA:1459,0
DA:1460,0
DA:1462,0
DA:1463,0
DA:1464,0
DA:1465,0
DA:1466,0
DA:1467,0
DA:1468,0
DA:1469,0
DA:1470,0
DA:1471,0
DA:1472,0
DA:1473,0
DA:1474,0
DA:1475,0
DA:1476,0
DA:1477,0
DA:1478,0
DA:1479,0
DA:1480,0
DA:1481,0
DA:1482,0
DA:1487,0
DA:1488,0
DA:1490,0
DA:1491,0
DA:1492,0
DA:1493,0
DA:1497,0
DA:1498,0
DA:1500,0
DA:1505,0
DA:1506,0
DA:1508,0
DA:1509,0
DA:1514,0
DA:1516,0
DA:1517,0
DA:1518,0
DA:1523,0
DA:1524,0
DA:1525,0
DA:1526,0
DA:1528,0
DA:1529,0
DA:1530,0
DA:1531,0
DA:1532,0
DA:1533,0
DA:1534,0
DA:1535,0
DA:1536,0
DA:1537,0
DA:1538,0
DA:1539,0
DA:1540,0
DA:1541,0
DA:1542,0
DA:1543,0
DA:1544,0
DA:1545,0
DA:1546,0
DA:1547,0
DA:1548,0
DA:1553,0
DA:1554,0
DA:1556,0
DA:1557,0
DA:1558,0
DA:1559,0
DA:1563,0
DA:1564,0
DA:1566,0
DA:1571,0
DA:1572,0
DA:1574,0
DA:1575,0
DA:1580,0
DA:1582,0
DA:1583,0
DA:1584,0
DA:1589,0
DA:1590,0
DA:1591,0
DA:1592,0
DA:1593,0
DA:1594,0
DA:1595,0
DA:1596,0
DA:1597,0
DA:1598,0
DA:1599,0
DA:1601,0
DA:1602,0
DA:1603,0
DA:1604,0
DA:1605,0
DA:1606,0
DA:1607,0
DA:1608,0
DA:1609,0
DA:1610,0
DA:1611,0
DA:1612,0
DA:1613,0
DA:1614,0
DA:1615,0
DA:1616,0
DA:1617,0
DA:1618,0
DA:1619,0
DA:1620,0
DA:1621,0
DA:1622,0
DA:1623,0
DA:1624,0
DA:1625,0
DA:1626,0
DA:1627,0
DA:1628,0
DA:1629,0
DA:1630,0
DA:1631,0
DA:1632,0
DA:1633,0
DA:1634,0
DA:1635,0
DA:1636,0
DA:1637,0
DA:1638,0
DA:1639,0
DA:1640,0
DA:1641,0
DA:1645,0
DA:1646,0
DA:1648,0
DA:1653,0
DA:1654,0
DA:1656,0
DA:1657,0
DA:1658,0
DA:1663,0
DA:1664,0
DA:1665,0
DA:1666,0
DA:1667,0
DA:1668,0
DA:1670,0
DA:1671,0
DA:1672,0
DA:1673,0
DA:1674,0
DA:1675,0
DA:1676,0
DA:1677,0
DA:1678,0
DA:1679,0
DA:1680,0
DA:1681,0
DA:1682,0
DA:1683,0
DA:1684,0
DA:1685,0
DA:1686,0
DA:1687,0
DA:1693,0
DA:1694,0
DA:1695,0
DA:1696,0
DA:1697,0
DA:1698,0
DA:1699,0
DA:1700,0
DA:1701,0
DA:1702,0
DA:1703,0
DA:1704,0
DA:1705,0
DA:1706,0
DA:1707,0
DA:1708,0
DA:1709,0
DA:1713,0
DA:1714,0
DA:1716,0
DA:1721,0
DA:1722,0
DA:1724,0
DA:1725,0
DA:1726,0
DA:1727,0
DA:1732,0
DA:1733,0
DA:1735,0
DA:1736,0
DA:1741,0
DA:1743,0
DA:1744,0
DA:1745,0
DA:1750,0
DA:1751,0
DA:1752,0
DA:1753,0
DA:1755,0
DA:1756,0
DA:1757,0
DA:1758,0
DA:1759,0
DA:1760,0
DA:1761,0
DA:1762,0
DA:1763,0
DA:1764,0
DA:1765,0
DA:1766,0
DA:1767,0
DA:1768,0
DA:1769,0
DA:1770,0
DA:1771,0
DA:1772,0
DA:1773,0
DA:1774,0
DA:1775,0
DA:1776,0
DA:1777,0
DA:1778,0
DA:1779,0
DA:1783,0
DA:1784,0
DA:1786,0
DA:1791,0
DA:1792,0
DA:1794,0
DA:1795,0
DA:1796,0
DA:1797,0
DA:1802,0
DA:1803,0
DA:1805,0
DA:1806,0
DA:1811,0
DA:1813,0
DA:1814,0
DA:1815,0
DA:1826,0
DA:1827,0
DA:1829,0
DA:1830,0
DA:1831,0
DA:1832,0
DA:1836,0
DA:1837,0
DA:1839,0
DA:1844,0
DA:1845,0
DA:1847,0
DA:1848,0
DA:1853,0
DA:1855,0
DA:1856,0
DA:1857,0
DA:1862,0
DA:1863,0
DA:1864,0
DA:1865,0
DA:1867,0
DA:1868,0
DA:1869,0
DA:1870,0
DA:1871,0
DA:1872,0
DA:1873,0
DA:1874,0
DA:1875,0
DA:1876,0
DA:1877,0
DA:1878,0
DA:1879,0
DA:1880,0
DA:1881,0
DA:1882,0
DA:1883,0
DA:1884,0
DA:1885,0
DA:1886,0
DA:1887,0
DA:1888,0
DA:1889,0
DA:1890,0
DA:1891,0
DA:1895,0
DA:1896,0
DA:1898,0
DA:1903,0
DA:1904,0
DA:1906,0
DA:1907,0
DA:1908,0
DA:1909,0
DA:1914,0
DA:1915,0
DA:1917,0
DA:1918,0
DA:1923,0
DA:1924,0
DA:1925,0
DA:1926,0
DA:1927,0
DA:1929,0
DA:1930,0
DA:1931,0
DA:1932,0
DA:1933,0
DA:1934,0
DA:1935,0
DA:1936,0
DA:1937,0
DA:1938,0
DA:1939,0
DA:1940,0
DA:1941,0
DA:1942,0
DA:1943,0
DA:1944,0
DA:1945,0
DA:1946,0
DA:1947,0
DA:1948,0
DA:1949,0
DA:1950,0
DA:1951,0
DA:1952,0
DA:1953,0
DA:1954,0
DA:1955,0
DA:1956,0
DA:1957,0
DA:1958,0
DA:1959,0
DA:1960,0
DA:1961,0
DA:1962,0
DA:1963,0
DA:1973,0
DA:1974,0
DA:1976,0
DA:1981,0
DA:1982,0
DA:1984,0
DA:1985,0
DA:1986,0
DA:1987,0
DA:1992,0
DA:1993,0
DA:1995,0
DA:1996,0
DA:2001,0
DA:2003,0
DA:2004,0
DA:2005,0
DA:2010,0
DA:2011,0
DA:2012,0
DA:2013,0
DA:2015,0
DA:2016,0
DA:2017,0
DA:2018,0
DA:2019,0
DA:2020,0
DA:2021,0
DA:2022,0
DA:2023,0
DA:2024,0
DA:2025,0
DA:2026,0
DA:2027,0
DA:2028,0
DA:2029,0
DA:2030,0
DA:2031,0
DA:2032,0
DA:2033,0
DA:2034,0
DA:2035,0
DA:2036,0
DA:2037,0
DA:2038,0
DA:2039,0
DA:2043,0
DA:2044,0
DA:2046,0
DA:2051,0
DA:2052,0
DA:2054,0
DA:2055,0
DA:2056,0
DA:2057,0
DA:2062,0
DA:2063,0
DA:2065,0
DA:2066,0
DA:2071,0
DA:2072,0
DA:2073,0
DA:2074,0
DA:2075,0
DA:2077,0
DA:2078,0
DA:2079,0
DA:2080,0
DA:2081,0
DA:2082,0
DA:2083,0
DA:2084,0
DA:2085,0
DA:2086,0
DA:2087,0
DA:2088,0
DA:2089,0
DA:2090,0
DA:2091,0
DA:2092,0
DA:2093,0
DA:2094,0
DA:2095,0
DA:2096,0
DA:2097,0
DA:2098,0
DA:2099,0
DA:2100,0
DA:2101,0
DA:2102,0
DA:2103,0
DA:2104,0
DA:2105,0
DA:2106,0
DA:2107,0
DA:2108,0
DA:2113,0
DA:2114,0
DA:2115,0
DA:2116,0
DA:2118,0
DA:2119,0
DA:2120,0
DA:2121,0
DA:2122,0
DA:2123,0
DA:2124,0
DA:2125,0
DA:2126,0
DA:2127,0
DA:2128,0
DA:2129,0
DA:2130,0
DA:2131,0
DA:2132,0
DA:2133,0
DA:2134,0
DA:2135,0
DA:2136,0
DA:2137,0
DA:2138,0
DA:2139,0
DA:2140,0
DA:2141,0
DA:2142,0
DA:2146,0
DA:2147,0
DA:2149,0
DA:2154,0
DA:2155,0
DA:2157,0
DA:2158,0
DA:2159,0
DA:2160,0
DA:2165,0
DA:2166,0
DA:2168,0
DA:2169,0
DA:2174,0
DA:2176,0
DA:2177,0
DA:2178,0
DA:2183,0
DA:2184,0
DA:2185,0
DA:2186,0
DA:2188,0
DA:2189,0
DA:2190,0
DA:2191,0
DA:2192,0
DA:2193,0
DA:2194,0
DA:2195,0
DA:2196,0
DA:2197,0
DA:2198,0
DA:2199,0
DA:2200,0
DA:2201,0
DA:2202,0
DA:2203,0
DA:2204,0
DA:2205,0
DA:2206,0
DA:2207,0
DA:2208,0
DA:2212,0
DA:2213,0
DA:2215,0
DA:2220,0
DA:2221,0
DA:2223,0
DA:2224,0
DA:2225,0
DA:2226,0
DA:2231,0
DA:2232,0
DA:2234,0
DA:2235,0
DA:2240,0
DA:2242,0
DA:2243,0
DA:2244,0
DA:2249,0
DA:2250,0
DA:2251,0
DA:2252,0
DA:2253,0
DA:2254,0
DA:2255,0
DA:2256,0
DA:2257,0
DA:2258,0
DA:2259,0
DA:2261,0
DA:2262,0
DA:2263,0
DA:2264,0
DA:2265,0
DA:2266,0
DA:2267,0
DA:2268,0
DA:2269,0
DA:2270,0
DA:2271,0
DA:2272,0
DA:2273,0
DA:2274,0
DA:2275,0
DA:2276,0
DA:2277,0
DA:2278,0
DA:2279,0
DA:2280,0
DA:2281,0
DA:2282,0
DA:2283,0
DA:2284,0
DA:2285,0
DA:2286,0
DA:2287,0
DA:2288,0
DA:2289,0
DA:2290,0
DA:2291,0
DA:2292,0
DA:2293,0
DA:2294,0
DA:2295,0
DA:2296,0
DA:2297,0
DA:2298,0
DA:2299,0
DA:2300,0
DA:2301,0
DA:2305,0
DA:2306,0
DA:2308,0
DA:2313,0
DA:2314,0
DA:2316,0
DA:2317,0
DA:2318,0
DA:2323,0
DA:2324,0
DA:2325,0
DA:2326,0
DA:2327,0
DA:2328,0
DA:2330,0
DA:2331,0
DA:2332,0
DA:2333,0
DA:2334,0
DA:2335,0
DA:2336,0
DA:2337,0
DA:2338,0
DA:2339,0
DA:2340,0
DA:2341,0
DA:2342,0
DA:2343,0
DA:2344,0
DA:2345,0
DA:2346,0
DA:2347,0
DA:2353,0
DA:2354,0
DA:2355,0
DA:2356,0
DA:2357,0
DA:2358,0
DA:2359,0
DA:2360,0
DA:2361,0
DA:2362,0
DA:2363,0
DA:2364,0
DA:2365,0
DA:2366,0
DA:2367,0
DA:2368,0
DA:2369,0
DA:2374,0
DA:2375,0
DA:2377,0
DA:2378,0
DA:2379,0
DA:2380,0
DA:2384,0
DA:2385,0
DA:2387,0
DA:2392,0
DA:2393,0
DA:2395,0
DA:2396,0
DA:2401,0
DA:2403,0
DA:2404,0
DA:2405,0
DA:2410,0
DA:2411,0
DA:2412,0
DA:2413,0
DA:2415,0
DA:2416,0
DA:2417,0
DA:2418,0
DA:2419,0
DA:2420,0
DA:2421,0
DA:2422,0
DA:2423,0
DA:2424,0
DA:2425,0
DA:2426,0
DA:2427,0
DA:2428,0
DA:2429,0
DA:2430,0
DA:2431,0
DA:2432,0
DA:2433,0
DA:2434,0
DA:2435,0
DA:2440,0
DA:2441,0
DA:2443,0
DA:2444,0
DA:2445,0
DA:2446,0
DA:2456,0
DA:2457,0
DA:2459,0
DA:2464,0
DA:2465,0
DA:2466,0
DA:2467,0
DA:2469,0
DA:2470,0
DA:2471,0
DA:2472,0
DA:2473,0
DA:2474,0
DA:2479,0
DA:2480,0
DA:2482,0
DA:2483,0
DA:2488,0
DA:2489,0
DA:2490,0
DA:2492,0
DA:2493,0
DA:2494,0
DA:2495,0
DA:2496,0
DA:2497,0
DA:2498,0
DA:2499,0
DA:2500,0
DA:2501,0
DA:2502,0
DA:2503,0
DA:2504,0
DA:2505,0
DA:2506,0
DA:2507,0
DA:2508,0
DA:2509,0
DA:2513,0
DA:2514,0
DA:2516,0
DA:2521,0
DA:2522,0
DA:2524,0
DA:2525,0
DA:2530,0
DA:2531,0
DA:2533,0
DA:2534,0
DA:2535,0
DA:2536,0
DA:2537,0
DA:2538,0
DA:2539,0
DA:2540,0
DA:2541,0
DA:2546,0
DA:2547,0
DA:2549,0
DA:2550,0
DA:2551,0
DA:2552,0
DA:2556,0
DA:2557,0
DA:2559,0
DA:2564,0
DA:2565,0
DA:2566,0
DA:2568,0
DA:2569,0
DA:2570,0
DA:2571,0
DA:2572,0
DA:2573,0
DA:2574,0
DA:2575,0
DA:2576,0
DA:2577,0
DA:2578,0
DA:2579,0
DA:2580,0
DA:2581,0
DA:2582,0
DA:2583,0
DA:2587,0
DA:2588,0
DA:2590,0
DA:2595,0
DA:2596,0
DA:2598,0
DA:2599,0
DA:2600,0
DA:2605,0
DA:2606,0
DA:2607,0
DA:2608,0
DA:2609,0
DA:2610,0
DA:2611,0
DA:2612,0
DA:2613,0
DA:2614,0
DA:2616,0
DA:2617,0
DA:2618,0
DA:2619,0
DA:2620,0
DA:2621,0
DA:2622,0
DA:2623,0
DA:2624,0
DA:2625,0
DA:2626,0
DA:2627,0
DA:2628,0
DA:2629,0
DA:2630,0
DA:2631,0
DA:2632,0
DA:2633,0
DA:2634,0
DA:2635,0
DA:2636,0
DA:2637,0
DA:2638,0
DA:2639,0
DA:2640,0
DA:2641,0
DA:2642,0
DA:2643,0
DA:2644,0
DA:2645,0
DA:2646,0
DA:2647,0
DA:2648,0
DA:2649,0
DA:2650,0
DA:2651,0
DA:2652,0
DA:2653,0
DA:2654,0
DA:2655,0
DA:2656,0
DA:2657,0
DA:2658,0
DA:2659,0
DA:2660,0
DA:2661,0
DA:2662,0
DA:2663,0
DA:2664,0
DA:2665,0
DA:2666,0
DA:2667,0
DA:2668,0
DA:2669,0
DA:2670,0
DA:2671,0
DA:2672,0
DA:2673,0
DA:2674,0
DA:2675,0
DA:2676,0
DA:2677,0
DA:2678,0
DA:2679,0
DA:2680,0
DA:2681,0
DA:2682,0
DA:2683,0
DA:2684,0
DA:2685,0
DA:2686,0
DA:2687,0
DA:2688,0
DA:2689,0
DA:2690,0
DA:2691,0
DA:2692,0
DA:2693,0
DA:2694,0
DA:2695,0
DA:2696,0
DA:2697,0
DA:2698,0
DA:2699,0
DA:2700,0
DA:2701,0
DA:2702,0
DA:2703,0
DA:2704,0
DA:2705,0
DA:2706,0
DA:2707,0
DA:2708,0
DA:2709,0
DA:2710,0
DA:2711,0
DA:2712,0
DA:2713,0
DA:2714,0
DA:2715,0
DA:2716,0
DA:2717,0
DA:2718,0
DA:2719,0
DA:2720,0
DA:2721,0
DA:2722,0
DA:2723,0
DA:2724,0
DA:2725,0
DA:2726,0
DA:2727,0
DA:2728,0
DA:2729,0
DA:2730,0
DA:2731,0
DA:2732,0
DA:2733,0
DA:2734,0
DA:2735,0
DA:2736,0
DA:2737,0
DA:2738,0
DA:2739,0
DA:2740,0
DA:2741,0
DA:2742,0
DA:2743,0
DA:2744,0
DA:2745,0
DA:2746,0
DA:2747,0
DA:2748,0
DA:2749,0
DA:2750,0
DA:2751,0
DA:2752,0
DA:2753,0
DA:2754,0
DA:2755,0
DA:2756,0
DA:2757,0
DA:2758,0
DA:2759,0
DA:2760,0
DA:2761,0
DA:2762,0
DA:2763,0
DA:2764,0
DA:2765,0
DA:2766,0
DA:2767,0
DA:2768,0
DA:2769,0
DA:2770,0
DA:2771,0
DA:2772,0
DA:2773,0
DA:2774,0
DA:2775,0
DA:2776,0
DA:2777,0
DA:2778,0
DA:2779,0
DA:2780,0
DA:2781,0
DA:2782,0
DA:2783,0
DA:2784,0
DA:2785,0
DA:2786,0
DA:2787,0
DA:2788,0
DA:2789,0
DA:2790,0
DA:2791,0
DA:2792,0
DA:2793,0
DA:2794,0
DA:2795,0
DA:2796,0
DA:2797,0
DA:2798,0
DA:2799,0
DA:2800,0
DA:2801,0
DA:2802,0
DA:2803,0
DA:2804,0
DA:2805,0
DA:2806,0
DA:2807,0
DA:2808,0
DA:2809,0
DA:2810,0
DA:2811,0
DA:2812,0
DA:2813,0
DA:2814,0
DA:2815,0
DA:2816,0
DA:2817,0
DA:2818,0
DA:2819,0
DA:2820,0
DA:2821,0
DA:2822,0
DA:2823,0
DA:2824,0
DA:2825,0
DA:2826,0
DA:2827,0
DA:2828,0
DA:2834,0
DA:2839,0
DA:2840,0
DA:2842,0
DA:2843,0
DA:2844,0
DA:2845,0
DA:2850,0
DA:2851,0
DA:2853,0
DA:2854,0
DA:2855,0
DA:2856,0
DA:2861,0
DA:2862,0
DA:2863,0
DA:2864,0
DA:2866,0
DA:2867,0
DA:2868,0
DA:2869,0
DA:2870,0
DA:2871,0
DA:2875,0
DA:2876,0
DA:2878,0
DA:2889,0
DA:2890,0
DA:2892,0
DA:2893,0
DA:2894,0
DA:2895,0
DA:2896,0
DA:2897,0
DA:2898,0
DA:2899,0
DA:2900,0
DA:2901,0
DA:2902,0
DA:2903,0
DA:2904,0
DA:2905,0
DA:2906,0
DA:2907,0
DA:2908,0
DA:2909,0
DA:2910,0
DA:2911,0
DA:2916,0
DA:2917,0
DA:2919,0
DA:2920,0
DA:2921,0
DA:2925,0
DA:2926,0
DA:2928,0
DA:2933,0
DA:2934,0
DA:2936,0
DA:2937,0
DA:2938,0
DA:2939,0
DA:2940,0
DA:2941,0
DA:2946,0
DA:2947,0
DA:2949,0
DA:2950,0
DA:2955,0
DA:2956,0
DA:2957,0
DA:2958,0
DA:2959,0
DA:2960,0
DA:2961,0
DA:2962,0
DA:2963,0
DA:2964,0
DA:2966,0
DA:2967,0
DA:2968,0
DA:2969,0
DA:2970,0
DA:2971,0
DA:2972,0
DA:2973,0
DA:2974,0
DA:2975,0
DA:2976,0
DA:2977,0
DA:2978,0
DA:2979,0
DA:2980,0
DA:2981,0
DA:2982,0
DA:2983,0
DA:2984,0
DA:2985,0
DA:2986,0
DA:2987,0
DA:2991,0
DA:2992,0
DA:2994,0
DA:2999,0
DA:3000,0
DA:3002,0
DA:3003,0
DA:3004,0
DA:3009,0
DA:3010,0
DA:3011,0
DA:3012,0
DA:3014,0
DA:3015,0
DA:3016,0
DA:3017,0
DA:3018,0
DA:3019,0
DA:3020,0
DA:3021,0
DA:3022,0
DA:3023,0
DA:3024,0
DA:3025,0
DA:3026,0
DA:3027,0
DA:3028,0
DA:3029,0
DA:3030,0
DA:3031,0
DA:3032,0
DA:3033,0
DA:3034,0
DA:3035,0
DA:3036,0
DA:3037,0
DA:3038,0
DA:3043,0
DA:3044,0
DA:3045,0
DA:3046,0
DA:3047,0
DA:3048,0
DA:3049,0
DA:3050,0
DA:3052,0
DA:3053,0
DA:3054,0
DA:3055,0
DA:3056,0
DA:3057,0
DA:3058,0
DA:3059,0
DA:3060,0
DA:3061,0
DA:3062,0
DA:3063,0
DA:3064,0
DA:3065,0
DA:3066,0
DA:3067,0
DA:3068,0
DA:3069,0
DA:3070,0
DA:3071,0
DA:3072,0
DA:3073,0
DA:3074,0
DA:3075,0
DA:3076,0
DA:3077,0
DA:3078,0
DA:3079,0
DA:3080,0
DA:3081,0
DA:3082,0
DA:3083,0
DA:3084,0
DA:3085,0
DA:3086,0
DA:3087,0
DA:3088,0
DA:3089,0
DA:3090,0
DA:3091,0
DA:3092,0
DA:3093,0
DA:3094,0
DA:3095,0
DA:3096,0
DA:3097,0
DA:3098,0
DA:3099,0
DA:3103,0
DA:3104,0
DA:3106,0
DA:3112,0
DA:3118,0
DA:3120,0
DA:3121,0
DA:3122,0
DA:3123,0
DA:3124,0
DA:3125,0
DA:3126,0
DA:3127,0
DA:3128,0
DA:3129,0
DA:3130,0
DA:3131,0
DA:3132,0
DA:3137,0
DA:3138,0
DA:3139,0
DA:3140,0
DA:3141,0
DA:3143,0
DA:3144,0
DA:3145,0
DA:3146,0
DA:3147,0
DA:3148,0
DA:3149,0
DA:3150,0
DA:3151,0
DA:3152,0
DA:3153,0
DA:3154,0
DA:3155,0
DA:3156,0
DA:3157,0
DA:3158,0
DA:3159,0
DA:3160,0
DA:3161,0
DA:3162,0
DA:3163,0
DA:3164,0
DA:3165,0
DA:3166,0
DA:3167,0
DA:3168,0
DA:3169,0
DA:3170,0
DA:3171,0
DA:3172,0
DA:3173,0
DA:3174,0
DA:3178,0
DA:3179,0
DA:3181,0
DA:3187,0
DA:3193,0
DA:3194,0
DA:3195,0
DA:3196,0
DA:3197,0
DA:3198,0
DA:3199,0
DA:3200,0
DA:3201,0
DA:3202,0
DA:3203,0
DA:3205,0
DA:3206,0
DA:3207,0
DA:3208,0
DA:3209,0
DA:3210,0
DA:3211,0
DA:3212,0
DA:3213,0
DA:3214,0
DA:3215,0
DA:3216,0
DA:3217,0
DA:3218,0
DA:3219,0
DA:3220,0
DA:3221,0
DA:3222,0
DA:3223,0
DA:3224,0
DA:3225,0
DA:3226,0
DA:3227,0
DA:3228,0
DA:3229,0
DA:3230,0
DA:3231,0
DA:3232,0
DA:3233,0
DA:3234,0
DA:3235,0
DA:3236,0
DA:3237,0
DA:3238,0
DA:3239,0
DA:3240,0
DA:3241,0
DA:3242,0
DA:3243,0
DA:3244,0
DA:3245,0
DA:3246,0
DA:3247,0
DA:3248,0
DA:3249,0
DA:3250,0
DA:3251,0
DA:3252,0
DA:3253,0
DA:3254,0
DA:3255,0
DA:3256,0
DA:3257,0
DA:3258,0
DA:3259,0
DA:3260,0
DA:3261,0
DA:3262,0
DA:3263,0
DA:3264,0
DA:3265,0
DA:3266,0
DA:3267,0
DA:3268,0
DA:3269,0
DA:3270,0
DA:3271,0
DA:3272,0
DA:3273,0
DA:3274,0
DA:3275,0
DA:3276,0
DA:3277,0
DA:3278,0
DA:3279,0
DA:3280,0
DA:3281,0
DA:3282,0
DA:3283,0
DA:3284,0
DA:3285,0
DA:3286,0
DA:3287,0
DA:3288,0
DA:3289,0
DA:3290,0
DA:3291,0
DA:3292,0
DA:3293,0
DA:3294,0
DA:3295,0
DA:3296,0
DA:3297,0
DA:3298,0
DA:3299,0
DA:3300,0
DA:3301,0
DA:3302,0
DA:3303,0
DA:3304,0
DA:3305,0
DA:3306,0
DA:3307,0
DA:3308,0
DA:3309,0
DA:3310,0
DA:3311,0
DA:3315,0
DA:3316,0
DA:3318,0
DA:3322,0
DA:3323,0
DA:3325,0
DA:3330,0
DA:3331,0
DA:3332,0
DA:3333,0
DA:3334,0
DA:3335,0
DA:3336,0
DA:3337,0
DA:3338,0
DA:3339,0
DA:3340,0
DA:3342,0
DA:3343,0
DA:3344,0
DA:3345,0
DA:3346,0
DA:3347,0
DA:3348,0
DA:3349,0
DA:3350,0
DA:3351,0
DA:3352,0
DA:3353,0
DA:3354,0
DA:3355,0
DA:3356,0
DA:3357,0
DA:3358,0
DA:3359,0
DA:3360,0
DA:3361,0
DA:3362,0
DA:3363,0
DA:3364,0
DA:3365,0
DA:3366,0
DA:3367,0
DA:3368,0
DA:3369,0
DA:3370,0
DA:3371,0
DA:3372,0
DA:3373,0
DA:3374,0
DA:3375,0
DA:3376,0
DA:3377,0
DA:3378,0
DA:3379,0
DA:3380,0
DA:3381,0
DA:3382,0
DA:3383,0
DA:3384,0
DA:3385,0
DA:3386,0
DA:3387,0
DA:3388,0
DA:3389,0
DA:3390,0
DA:3391,0
DA:3396,0
DA:3397,0
DA:3399,0
DA:3400,0
DA:3401,0
DA:3407,0
DA:3413,0
DA:3419,0
DA:3424,0
DA:3425,0
DA:3426,0
DA:3428,0
DA:3429,0
DA:3430,0
DA:3431,0
DA:3432,0
DA:3433,0
DA:3434,0
DA:3435,0
DA:3436,0
DA:3437,0
DA:3442,0
DA:3443,0
DA:3445,0
DA:3446,0
DA:3447,0
DA:3448,0
DA:3453,0
DA:3454,0
DA:3456,0
DA:3457,0
DA:3458,0
DA:3459,0
DA:3463,0
DA:3464,0
DA:3466,0
DA:3471,0
DA:3472,0
DA:3473,0
DA:3474,0
DA:3475,0
DA:3476,0
DA:3477,0
DA:3478,0
DA:3480,0
DA:3481,0
DA:3482,0
DA:3483,0
DA:3484,0
DA:3485,0
DA:3486,0
DA:3487,0
DA:3488,0
DA:3489,0
DA:3490,0
DA:3491,0
DA:3492,0
DA:3493,0
DA:3494,0
DA:3495,0
DA:3496,0
DA:3497,0
DA:3498,0
DA:3499,0
DA:3500,0
DA:3501,0
DA:3502,0
DA:3503,0
DA:3504,0
DA:3505,0
DA:3506,0
DA:3507,0
DA:3508,0
DA:3509,0
DA:3510,0
DA:3511,0
DA:3512,0
DA:3513,0
DA:3514,0
DA:3515,0
DA:3516,0
DA:3517,0
DA:3522,0
DA:3524,0
DA:3525,0
DA:3526,0
DA:3527,0
DA:3528,0
DA:3529,0
DA:3530,0
DA:3531,0
DA:3532,0
DA:3533,0
DA:3534,0
DA:3535,0
DA:3536,0
DA:3537,0
DA:3538,0
DA:3539,0
DA:3540,0
DA:3541,0
DA:3542,0
DA:3546,0
DA:3547,0
DA:3549,0
DA:3554,0
DA:3555,0
DA:3556,0
DA:3557,0
DA:3559,0
DA:3560,0
DA:3561,0
DA:3562,0
DA:3563,0
DA:3564,0
DA:3565,0
DA:3566,0
DA:3567,0
DA:3568,0
DA:3569,0
DA:3570,0
DA:3571,0
DA:3572,0
DA:3573,0
DA:3574,0
DA:3575,0
DA:3576,0
DA:3577,0
DA:3578,0
DA:3579,0
DA:3580,0
DA:3581,0
DA:3582,0
DA:3583,0
DA:3584,0
DA:3585,0
DA:3586,0
DA:3587,0
DA:3588,0
DA:3589,0
DA:3590,0
DA:3591,0
DA:3592,0
DA:3593,0
DA:3599,0
DA:3600,0
DA:3601,0
DA:3602,0
DA:3603,0
DA:3604,0
DA:3605,0
DA:3610,0
DA:3611,0
DA:3612,0
DA:3614,0
DA:3615,0
DA:3616,0
DA:3617,0
DA:3618,0
DA:3619,0
DA:3620,0
DA:3621,0
DA:3622,0
DA:3623,0
DA:3624,0
DA:3625,0
DA:3626,0
DA:3627,0
DA:3628,0
DA:3629,0
DA:3630,0
DA:3631,0
DA:3632,0
DA:3636,0
DA:3637,0
DA:3639,0
DA:3644,0
DA:3645,0
DA:3646,0
DA:3647,0
DA:3649,0
DA:3650,0
DA:3651,0
DA:3652,0
DA:3653,0
DA:3654,0
DA:3655,0
DA:3656,0
DA:3657,0
DA:3658,0
DA:3659,0
DA:3660,0
DA:3661,0
DA:3662,0
DA:3663,0
DA:3664,0
DA:3665,0
DA:3666,0
DA:3667,0
DA:3668,0
DA:3669,0
DA:3670,0
DA:3671,0
DA:3676,0
DA:3677,0
DA:3678,0
DA:3680,0
DA:3681,0
DA:3682,0
DA:3683,0
DA:3684,0
DA:3685,0
DA:3686,0
DA:3687,0
DA:3688,0
DA:3689,0
DA:3690,0
DA:3691,0
DA:3692,0
DA:3693,0
DA:3694,0
DA:3695,0
DA:3696,0
DA:3697,0
DA:3698,0
DA:3704,0
DA:3709,0
DA:3710,0
DA:3711,0
DA:3713,0
DA:3714,0
DA:3715,0
DA:3716,0
DA:3717,0
DA:3718,0
DA:3719,0
DA:3720,0
DA:3721,0
DA:3722,0
DA:3723,0
DA:3724,0
DA:3725,0
DA:3726,0
DA:3727,0
DA:3728,0
DA:3729,0
DA:3730,0
DA:3731,0
DA:3735,0
DA:3736,0
DA:3738,0
DA:3743,0
DA:3744,0
DA:3745,0
DA:3746,0
DA:3747,0
DA:3748,0
DA:3749,0
DA:3750,0
DA:3751,0
DA:3752,0
DA:3753,0
DA:3755,0
DA:3756,0
DA:3757,0
DA:3758,0
DA:3759,0
DA:3760,0
DA:3761,0
DA:3762,0
DA:3763,0
DA:3764,0
DA:3765,0
DA:3766,0
DA:3767,0
DA:3768,0
DA:3769,0
DA:3770,0
DA:3771,0
DA:3772,0
DA:3773,0
DA:3774,0
DA:3775,0
DA:3776,0
DA:3777,0
DA:3778,0
DA:3779,0
DA:3780,0
DA:3781,0
DA:3782,0
DA:3783,0
DA:3784,0
DA:3785,0
DA:3786,0
DA:3787,0
DA:3788,0
DA:3789,0
DA:3790,0
DA:3791,0
DA:3792,0
DA:3793,0
DA:3794,0
DA:3795,0
DA:3796,0
DA:3797,0
DA:3798,0
DA:3799,0
DA:3800,0
DA:3801,0
DA:3802,0
DA:3803,0
DA:3804,0
DA:3805,0
DA:3806,0
DA:3807,0
DA:3808,0
DA:3809,0
DA:3810,0
DA:3811,0
DA:3812,0
DA:3813,0
DA:3814,0
DA:3815,0
DA:3820,0
DA:3821,0
DA:3823,0
DA:3824,0
DA:3830,0
DA:3831,0
DA:3832,0
DA:3833,0
DA:3834,0
DA:3838,0
DA:3839,0
DA:3841,0
DA:3846,0
DA:3847,0
DA:3848,0
DA:3850,0
DA:3851,0
DA:3852,0
DA:3853,0
DA:3854,0
DA:3860,0
DA:3865,0
DA:3866,0
DA:3867,0
DA:3869,0
DA:3870,0
DA:3871,0
DA:3872,0
DA:3873,0
DA:3874,0
DA:3875,0
DA:3876,0
DA:3877,0
DA:3878,0
DA:3879,0
DA:3880,0
DA:3881,0
DA:3882,0
DA:3883,0
DA:3884,0
DA:3885,0
DA:3886,0
DA:3887,0
DA:3891,0
DA:3892,0
DA:3894,0
DA:3899,0
DA:3900,0
DA:3901,0
DA:3902,0
DA:3904,0
DA:3905,0
DA:3906,0
DA:3907,0
DA:3908,0
DA:3909,0
DA:3920,0
DA:3921,0
DA:3923,0
DA:3924,0
DA:3925,0
DA:3926,0
DA:3927,0
DA:3928,0
DA:3929,0
DA:3930,0
DA:3931,0
DA:3932,0
DA:3933,0
DA:3934,0
DA:3935,0
DA:3936,0
DA:3937,0
DA:3938,0
DA:3939,0
DA:3940,0
DA:3941,0
DA:3942,0
DA:3943,0
DA:3944,0
DA:3945,0
DA:3946,0
DA:3947,0
DA:3948,0
DA:3949,0
DA:3950,0
DA:3955,0
DA:3956,0
DA:3958,0
DA:3959,0
DA:3960,0
DA:3961,0
DA:3965,0
DA:3966,0
DA:3968,0
DA:3973,0
DA:3974,0
DA:3975,0
DA:3976,0
DA:3977,0
DA:3978,0
DA:3979,0
DA:3980,0
DA:3982,0
DA:3983,0
DA:3984,0
DA:3985,0
DA:3986,0
DA:3987,0
DA:3988,0
DA:3989,0
DA:3990,0
DA:3991,0
DA:3992,0
DA:3993,0
DA:3994,0
DA:3995,0
DA:3996,0
DA:3997,0
DA:3998,0
DA:3999,0
DA:4000,0
DA:4001,0
DA:4002,0
DA:4003,0
DA:4004,0
DA:4005,0
DA:4006,0
DA:4007,0
DA:4008,0
DA:4009,0
DA:4010,0
DA:4011,0
DA:4012,0
DA:4013,0
DA:4014,0
DA:4015,0
DA:4016,0
DA:4017,0
DA:4018,0
DA:4019,0
DA:4024,0
DA:4026,0
DA:4027,0
DA:4028,0
DA:4029,0
DA:4030,0
DA:4031,0
DA:4032,0
DA:4033,0
DA:4034,0
DA:4035,0
DA:4036,0
DA:4037,0
DA:4038,0
DA:4039,0
DA:4040,0
DA:4041,0
DA:4042,0
DA:4043,0
DA:4044,0
DA:4048,0
DA:4049,0
DA:4051,0
DA:4056,0
DA:4057,0
DA:4058,0
DA:4060,0
DA:4061,0
DA:4062,0
DA:4063,0
DA:4064,0
DA:4065,0
DA:4066,0
DA:4067,0
DA:4068,0
DA:4069,0
DA:4070,0
DA:4071,0
DA:4072,0
DA:4073,0
DA:4074,0
DA:4075,0
DA:4076,0
DA:4077,0
DA:4083,0
DA:4084,0
DA:4085,0
DA:4086,0
DA:4087,0
DA:4088,0
DA:4089,0
DA:4094,0
DA:4095,0
DA:4097,0
DA:4098,0
DA:4099,0
DA:4100,0
DA:4105,0
DA:4106,0
DA:4108,0
DA:4109,0
DA:4110,0
DA:4111,0
DA:4115,0
DA:4116,0
DA:4118,0
DA:4123,0
DA:4124,0
DA:4126,0
DA:4127,0
DA:4132,0
DA:4133,0
DA:4134,0
DA:4136,0
DA:4137,0
DA:4138,0
DA:4139,0
DA:4140,0
DA:4141,0
DA:4142,0
DA:4143,0
DA:4144,0
DA:4145,0
DA:4146,0
DA:4147,0
DA:4148,0
DA:4149,0
DA:4150,0
DA:4151,0
DA:4152,0
DA:4153,0
DA:4157,0
DA:4158,0
DA:4160,0
DA:4165,0
DA:4166,0
DA:4168,0
DA:4169,0
DA:4173,0
DA:4174,0
DA:4176,0
DA:4181,0
DA:4182,0
DA:4183,0
DA:4184,0
DA:4185,0
DA:4186,0
DA:4188,0
DA:4189,0
DA:4190,0
DA:4191,0
DA:4192,0
DA:4193,0
DA:4194,0
DA:4195,0
DA:4196,0
DA:4197,0
DA:4198,0
DA:4199,0
DA:4200,0
DA:4201,0
DA:4202,0
DA:4203,0
DA:4204,0
DA:4205,0
DA:4206,0
DA:4207,0
DA:4208,0
DA:4209,0
DA:4210,0
DA:4211,0
DA:4212,0
DA:4213,0
DA:4214,0
DA:4215,0
DA:4220,0
DA:4221,0
DA:4222,0
DA:4223,0
DA:4225,0
DA:4226,0
DA:4227,0
DA:4228,0
DA:4229,0
DA:4230,0
DA:4231,0
DA:4232,0
DA:4236,0
DA:4237,0
DA:4239,0
DA:4244,0
DA:4245,0
DA:4246,0
DA:4247,0
DA:4248,0
DA:4249,0
DA:4251,0
DA:4252,0
DA:4253,0
DA:4254,0
DA:4255,0
DA:4256,0
DA:4257,0
DA:4258,0
DA:4259,0
DA:4260,0
DA:4261,0
DA:4262,0
DA:4263,0
DA:4264,0
DA:4265,0
DA:4266,0
DA:4267,0
DA:4268,0
DA:4269,0
DA:4270,0
DA:4271,0
DA:4272,0
DA:4273,0
DA:4274,0
DA:4275,0
DA:4276,0
DA:4277,0
DA:4278,0
DA:4279,0
DA:4280,0
DA:4281,0
DA:4282,0
DA:4283,0
DA:4284,0
DA:4285,0
DA:4286,0
DA:4287,0
DA:4288,0
DA:4289,0
DA:4290,0
DA:4291,0
DA:4292,0
DA:4293,0
DA:4294,0
DA:4295,0
DA:4296,0
DA:4297,0
DA:4298,0
DA:4299,0
DA:4300,0
DA:4301,0
DA:4302,0
DA:4303,0
DA:4304,0
DA:4305,0
DA:4306,0
DA:4307,0
DA:4308,0
DA:4309,0
DA:4310,0
DA:4311,0
DA:4312,0
DA:4317,0
DA:4318,0
DA:4320,0
DA:4321,0
DA:4322,0
DA:4328,0
DA:4333,0
DA:4335,0
DA:4336,0
DA:4341,0
DA:4342,0
DA:4343,0
DA:4344,0
DA:4345,0
DA:4346,0
DA:4347,0
DA:4349,0
DA:4350,0
DA:4351,0
DA:4352,0
DA:4353,0
DA:4354,0
DA:4355,0
DA:4356,0
DA:4357,0
DA:4358,0
DA:4359,0
DA:4360,0
DA:4361,0
DA:4362,0
DA:4363,0
DA:4364,0
DA:4365,0
DA:4366,0
DA:4367,0
DA:4368,0
DA:4369,0
DA:4370,0
DA:4371,0
DA:4372,0
DA:4373,0
DA:4374,0
DA:4375,0
DA:4376,0
DA:4377,0
DA:4378,0
DA:4379,0
DA:4380,0
DA:4381,0
DA:4382,0
DA:4383,0
DA:4384,0
DA:4390,0
DA:4396,0
DA:4401,0
DA:4402,0
DA:4403,0
DA:4404,0
DA:4405,0
DA:4406,0
DA:4407,0
DA:4408,0
DA:4409,0
DA:4410,0
DA:4411,0
DA:4412,0
DA:4413,0
DA:4414,0
DA:4416,0
DA:4417,0
DA:4418,0
DA:4419,0
DA:4420,0
DA:4421,0
DA:4422,0
DA:4423,0
DA:4424,0
DA:4425,0
DA:4426,0
DA:4427,0
DA:4428,0
DA:4429,0
DA:4430,0
DA:4431,0
DA:4432,0
DA:4433,0
DA:4434,0
DA:4435,0
DA:4436,0
DA:4437,0
DA:4438,0
DA:4439,0
DA:4440,0
DA:4441,0
DA:4442,0
DA:4443,0
DA:4444,0
DA:4445,0
DA:4446,0
DA:4447,0
DA:4448,0
DA:4449,0
DA:4450,0
DA:4451,0
DA:4452,0
DA:4453,0
DA:4454,0
DA:4455,0
DA:4456,0
DA:4457,0
DA:4458,0
DA:4459,0
DA:4460,0
DA:4461,0
DA:4462,0
DA:4466,0
DA:4467,0
DA:4469,0
DA:4474,0
DA:4475,0
DA:4477,0
DA:4478,0
DA:4484,0
DA:4485,0
DA:4486,0
DA:4487,0
DA:4488,0
DA:4492,0
DA:4493,0
DA:4495,0
DA:4500,0
DA:4501,0
DA:4502,0
DA:4504,0
DA:4505,0
DA:4506,0
DA:4507,0
DA:4508,0
DA:4512,0
DA:4513,0
DA:4515,0
DA:4521,0
DA:4522,0
DA:4523,0
DA:4524,0
DA:4525,0
DA:4526,0
DA:4531,0
DA:4532,0
DA:4534,0
DA:4535,0
DA:4540,0
DA:4541,0
DA:4542,0
DA:4543,0
DA:4545,0
DA:4546,0
DA:4547,0
DA:4548,0
DA:4549,0
DA:4550,0
DA:4551,0
DA:4552,0
DA:4553,0
DA:4554,0
DA:4555,0
DA:4556,0
DA:4557,0
DA:4558,0
DA:4559,0
DA:4560,0
DA:4561,0
DA:4562,0
DA:4563,0
DA:4564,0
DA:4565,0
DA:4566,0
DA:4567,0
DA:4568,0
DA:4569,0
DA:4570,0
DA:4571,0
DA:4572,0
DA:4573,0
DA:4574,0
DA:4575,0
DA:4576,0
DA:4577,0
DA:4582,0
DA:4583,0
DA:4584,0
DA:4585,0
DA:4587,0
DA:4588,0
DA:4589,0
DA:4590,0
DA:4591,0
DA:4592,0
DA:4593,0
DA:4594,0
DA:4595,0
DA:4596,0
DA:4597,0
DA:4598,0
DA:4599,0
DA:4600,0
DA:4601,0
DA:4602,0
DA:4603,0
DA:4608,1
DA:4609,1
DA:4610,1
DA:4611,1
DA:4613,1
DA:4614,1
DA:4615,1
DA:4616,1
DA:4617,1
DA:4618,1
DA:4619,2
DA:4624,0
DA:4625,0
DA:4626,0
DA:4627,0
DA:4629,0
DA:4630,0
DA:4631,0
DA:4632,0
DA:4633,0
DA:4634,0
DA:4635,0
DA:4639,2
DA:4640,2
DA:4642,2
DA:4647,1
DA:4648,1
DA:4649,1
DA:4651,1
DA:4652,1
DA:4653,1
DA:4654,1
DA:4655,1
DA:4656,1
DA:4657,1
DA:4658,2
DA:4662,0
DA:4663,0
DA:4665,0
DA:4670,0
DA:4671,0
DA:4672,0
DA:4674,0
DA:4675,0
DA:4676,0
DA:4677,0
DA:4678,0
DA:4679,0
DA:4680,0
DA:4681,0
DA:4686,1
DA:4687,1
DA:4688,1
DA:4689,1
DA:4691,1
DA:4692,1
DA:4693,1
DA:4694,1
DA:4695,1
DA:4696,2
DA:4700,2
DA:4701,2
DA:4703,1
DA:4708,0
DA:4709,0
DA:4710,0
DA:4711,0
DA:4713,0
DA:4714,0
DA:4715,0
DA:4716,0
DA:4717,0
DA:4718,0
DA:4722,0
DA:4723,0
DA:4725,0
DA:4731,2
DA:4738,0
DA:4744,1
DA:4745,1
DA:4747,1
DA:4748,1
DA:4749,1
DA:4750,1
DA:4751,1
DA:4752,1
DA:4753,1
DA:4754,1
DA:4755,1
DA:4756,1
DA:4757,1
DA:4758,1
DA:4759,2
DA:4763,2
DA:4764,2
DA:4766,2
DA:4771,0
DA:4772,0
DA:4774,0
DA:4775,0
DA:4776,0
DA:4777,0
DA:4778,0
DA:4779,0
DA:4780,0
DA:4781,0
DA:4782,0
DA:4783,0
DA:4784,0
DA:4785,0
DA:4786,0
DA:4790,0
DA:4791,0
DA:4793,0
DA:4798,1
DA:4799,1
DA:4800,1
DA:4801,1
DA:4803,1
DA:4804,1
DA:4805,1
DA:4806,1
DA:4807,1
DA:4808,2
DA:4812,2
DA:4813,2
DA:4815,1
DA:4820,0
DA:4821,0
DA:4822,0
DA:4823,0
DA:4825,0
DA:4826,0
DA:4827,0
DA:4828,0
DA:4829,0
DA:4830,0
DA:4834,0
DA:4835,0
DA:4837,0
DA:4843,2
DA:4850,0
DA:4856,1
DA:4857,1
DA:4859,1
DA:4860,1
DA:4861,1
DA:4862,1
DA:4863,1
DA:4864,1
DA:4865,1
DA:4866,1
DA:4867,1
DA:4868,1
DA:4869,1
DA:4870,1
DA:4871,1
DA:4872,1
DA:4873,1
DA:4874,1
DA:4875,1
DA:4876,1
DA:4877,1
DA:4878,1
DA:4879,1
DA:4880,1
DA:4881,1
DA:4882,1
DA:4883,1
DA:4884,1
DA:4885,1
DA:4886,1
DA:4887,1
DA:4888,1
DA:4889,2
DA:4894,0
DA:4895,0
DA:4897,0
DA:4898,0
DA:4899,0
DA:4900,0
DA:4901,0
DA:4902,0
DA:4903,0
DA:4904,0
DA:4905,0
DA:4906,0
DA:4907,0
DA:4908,0
DA:4909,0
DA:4910,0
DA:4911,0
DA:4912,0
DA:4913,0
DA:4914,0
DA:4915,0
DA:4916,0
DA:4917,0
DA:4918,0
DA:4919,0
DA:4920,0
DA:4921,0
DA:4922,0
DA:4923,0
DA:4924,0
DA:4925,0
DA:4926,0
DA:4927,0
DA:4932,1
DA:4933,1
DA:4934,1
DA:4936,1
DA:4937,1
DA:4938,1
DA:4939,1
DA:4940,1
DA:4941,1
DA:4942,1
DA:4943,1
DA:4944,1
DA:4949,0
DA:4950,0
DA:4951,0
DA:4953,0
DA:4954,0
DA:4955,0
DA:4956,0
DA:4957,0
DA:4958,0
DA:4959,0
DA:4960,0
DA:4961,0
DA:4967,2
DA:4973,0
DA:4979,2
DA:4980,2
DA:4981,2
DA:4982,2
DA:4983,2
DA:4984,2
DA:4985,4
DA:4991,0
DA:4992,0
DA:4993,0
DA:4994,0
DA:4995,0
DA:4996,0
DA:4997,0
DA:5002,0
DA:5003,0
DA:5004,0
DA:5005,0
DA:5006,0
DA:5007,0
DA:5008,0
DA:5009,0
DA:5011,0
DA:5012,0
DA:5013,0
DA:5014,0
DA:5015,0
DA:5016,0
DA:5017,0
DA:5018,0
DA:5019,0
DA:5020,0
DA:5021,0
DA:5022,0
DA:5023,0
DA:5024,0
DA:5025,0
DA:5026,0
DA:5027,0
DA:5028,0
DA:5029,0
DA:5030,0
DA:5031,0
DA:5032,0
DA:5033,0
DA:5034,0
DA:5035,0
DA:5036,0
DA:5037,0
DA:5038,0
DA:5039,0
DA:5040,0
DA:5041,0
DA:5042,0
DA:5043,0
DA:5044,0
DA:5045,0
DA:5046,0
DA:5047,0
DA:5048,0
DA:5049,0
DA:5050,0
DA:5051,0
DA:5052,0
DA:5053,0
DA:5054,0
DA:5055,0
DA:5056,0
DA:5057,0
DA:5058,0
DA:5059,0
DA:5060,0
DA:5061,0
DA:5062,0
DA:5063,0
DA:5064,0
DA:5065,0
DA:5066,0
DA:5067,0
DA:5068,0
DA:5069,0
DA:5070,0
DA:5071,0
DA:5072,0
DA:5073,0
DA:5074,0
DA:5075,0
DA:5076,0
DA:5077,0
DA:5078,0
DA:5079,0
DA:5080,0
DA:5081,0
DA:5082,0
DA:5083,0
DA:5084,0
DA:5085,0
DA:5086,0
DA:5087,0
DA:5088,0
DA:5089,0
DA:5094,0
DA:5095,0
DA:5096,0
DA:5097,0
DA:5098,0
DA:5099,0
DA:5100,0
DA:5101,0
DA:5103,0
DA:5104,0
DA:5105,0
DA:5106,0
DA:5107,0
DA:5108,0
DA:5109,0
DA:5110,0
DA:5111,0
DA:5112,0
DA:5113,0
DA:5114,0
DA:5115,0
DA:5116,0
DA:5117,0
DA:5118,0
DA:5119,0
DA:5120,0
DA:5121,0
DA:5122,0
DA:5123,0
DA:5124,0
DA:5125,0
DA:5126,0
DA:5127,0
DA:5128,0
DA:5129,0
DA:5130,0
DA:5131,0
DA:5132,0
DA:5133,0
DA:5134,0
DA:5135,0
DA:5136,0
DA:5137,0
DA:5138,0
DA:5139,0
DA:5140,0
DA:5141,0
DA:5142,0
DA:5143,0
DA:5144,0
DA:5145,0
DA:5146,0
DA:5147,0
DA:5148,0
DA:5149,0
DA:5150,0
DA:5151,0
DA:5152,0
DA:5153,0
DA:5154,0
DA:5155,0
DA:5156,0
DA:5157,0
DA:5158,0
DA:5159,0
DA:5160,0
DA:5161,0
DA:5162,0
DA:5163,0
DA:5164,0
DA:5165,0
DA:5166,0
DA:5167,0
DA:5168,0
DA:5169,0
DA:5170,0
DA:5171,0
DA:5172,0
DA:5173,0
DA:5174,0
DA:5175,0
DA:5176,0
DA:5177,0
DA:5178,0
DA:5179,0
DA:5180,0
DA:5181,0
DA:5186,0
DA:5187,0
DA:5188,0
DA:5189,0
DA:5191,0
DA:5192,0
DA:5193,0
DA:5194,0
DA:5195,0
DA:5196,0
DA:5197,0
DA:5198,0
DA:5199,0
DA:5200,0
DA:5201,0
DA:5206,0
DA:5207,0
DA:5208,0
DA:5209,0
DA:5211,0
DA:5212,0
DA:5213,0
DA:5214,0
DA:5215,0
DA:5216,0
DA:5217,0
DA:5218,0
DA:5219,0
DA:5220,0
DA:5221,0
DA:5227,0
DA:5233,0
DA:5238,0
DA:5239,0
DA:5241,0
DA:5242,0
DA:5243,0
DA:5244,0
DA:5245,0
DA:5246,0
DA:5247,0
DA:5248,0
DA:5249,0
DA:5250,0
DA:5251,0
DA:5252,0
DA:5253,0
DA:5254,0
DA:5255,0
DA:5256,0
DA:5257,0
DA:5258,0
DA:5259,0
DA:5260,0
DA:5261,0
DA:5262,0
DA:5263,0
DA:5264,0
DA:5265,0
DA:5266,0
DA:5267,0
DA:5268,0
DA:5269,0
DA:5270,0
DA:5275,0
DA:5276,0
DA:5278,0
DA:5279,0
DA:5280,0
DA:5281,0
DA:5282,0
DA:5283,0
DA:5284,0
DA:5285,0
DA:5286,0
DA:5287,0
DA:5288,0
DA:5289,0
DA:5290,0
DA:5291,0
DA:5292,0
DA:5293,0
DA:5294,0
DA:5295,0
DA:5296,0
DA:5297,0
DA:5298,0
DA:5299,0
DA:5300,0
DA:5301,0
DA:5302,0
DA:5303,0
DA:5304,0
DA:5305,0
DA:5306,0
DA:5307,0
DA:5313,0
DA:5319,0
DA:5324,0
DA:5325,0
DA:5327,0
DA:5328,0
DA:5329,0
DA:5330,0
DA:5331,0
DA:5332,0
DA:5333,0
DA:5334,0
DA:5335,0
DA:5336,0
DA:5337,0
DA:5338,0
DA:5339,0
DA:5340,0
DA:5341,0
DA:5342,0
DA:5343,0
DA:5344,0
DA:5345,0
DA:5346,0
DA:5347,0
DA:5348,0
DA:5349,0
DA:5350,0
DA:5351,0
DA:5352,0
DA:5353,0
DA:5354,0
DA:5355,0
DA:5356,0
DA:5361,0
DA:5362,0
DA:5364,0
DA:5365,0
DA:5366,0
DA:5367,0
DA:5368,0
DA:5369,0
DA:5370,0
DA:5371,0
DA:5372,0
DA:5373,0
DA:5374,0
DA:5375,0
DA:5376,0
DA:5377,0
DA:5378,0
DA:5379,0
DA:5380,0
DA:5381,0
DA:5382,0
DA:5383,0
DA:5384,0
DA:5385,0
DA:5386,0
DA:5387,0
DA:5388,0
DA:5389,0
DA:5390,0
DA:5391,0
DA:5392,0
DA:5393,0
DA:5399,0
DA:5405,0
DA:5410,0
DA:5411,0
DA:5413,0
DA:5414,0
DA:5415,0
DA:5416,0
DA:5417,0
DA:5418,0
DA:5419,0
DA:5420,0
DA:5425,0
DA:5426,0
DA:5428,0
DA:5429,0
DA:5430,0
DA:5431,0
DA:5432,0
DA:5433,0
DA:5434,0
DA:5435,0
DA:5440,0
DA:5441,0
DA:5443,0
DA:5444,0
DA:5445,0
DA:5446,0
DA:5447,0
DA:5448,0
DA:5449,0
DA:5450,0
DA:5455,0
DA:5456,0
DA:5458,0
DA:5459,0
DA:5460,0
DA:5461,0
DA:5462,0
DA:5463,0
DA:5464,0
DA:5465,0
DA:5470,0
DA:5471,0
DA:5473,0
DA:5474,0
DA:5475,0
DA:5479,0
DA:5480,0
DA:5482,0
DA:5486,0
DA:5487,0
DA:5489,0
DA:5494,0
DA:5495,0
DA:5497,0
DA:5498,0
DA:5499,0
DA:5503,0
DA:5504,0
DA:5506,0
DA:5511,0
DA:5512,0
DA:5514,0
DA:5515,0
DA:5516,0
DA:5521,0
DA:5522,0
DA:5524,0
DA:5525,0
DA:5526,0
DA:5530,0
DA:5531,0
DA:5533,0
DA:5538,0
DA:5539,0
DA:5540,0
DA:5541,0
DA:5542,0
DA:5543,0
DA:5545,0
DA:5546,0
DA:5547,0
DA:5548,0
DA:5549,0
DA:5550,0
DA:5551,0
DA:5552,0
DA:5553,0
DA:5554,0
DA:5555,0
DA:5556,0
DA:5561,0
DA:5562,0
DA:5563,0
DA:5564,0
DA:5565,0
DA:5566,0
DA:5568,0
DA:5569,0
DA:5570,0
DA:5571,0
DA:5572,0
DA:5573,0
DA:5574,0
DA:5575,0
DA:5576,0
DA:5577,0
DA:5578,0
DA:5579,0
DA:5584,0
DA:5585,0
DA:5586,0
DA:5587,0
DA:5588,0
DA:5589,0
DA:5591,0
DA:5592,0
DA:5593,0
DA:5594,0
DA:5595,0
DA:5596,0
DA:5597,0
DA:5598,0
DA:5599,0
DA:5600,0
DA:5601,0
DA:5602,0
DA:5607,0
DA:5608,0
DA:5609,0
DA:5610,0
DA:5611,0
DA:5612,0
DA:5614,0
DA:5615,0
DA:5616,0
DA:5617,0
DA:5618,0
DA:5619,0
DA:5620,0
DA:5621,0
DA:5622,0
DA:5623,0
DA:5624,0
DA:5625,0
DA:5631,0
DA:5632,0
DA:5633,0
DA:5634,0
DA:5640,0
DA:5641,0
DA:5642,0
DA:5643,0
DA:5649,0
DA:5650,0
DA:5651,0
DA:5652,0
DA:5658,0
DA:5659,0
DA:5660,0
DA:5661,0
DA:5666,0
DA:5668,0
DA:5669,0
DA:5670,0
DA:5671,0
DA:5676,0
DA:5678,0
DA:5679,0
DA:5680,0
DA:5681,0
DA:5686,0
DA:5688,0
DA:5689,0
DA:5690,0
DA:5691,0
DA:5696,0
DA:5698,0
DA:5699,0
DA:5700,0
DA:5701,0
DA:5705,1
DA:5706,1
DA:5707,1
DA:5708,1
DA:5709,1
DA:5710,1
DA:5711,1
DA:5712,1
DA:5713,1
DA:5714,1
DA:5715,1
DA:5716,1
DA:5717,1
DA:5718,1
DA:5719,1
DA:5720,1
DA:5721,1
DA:5722,1
DA:5723,1
DA:5724,1
DA:5725,1
DA:5726,1
DA:5727,1
DA:5728,1
DA:5729,1
DA:5730,1
DA:5731,1
DA:5732,1
DA:5733,1
DA:5734,1
DA:5735,1
DA:5736,1
DA:5742,0
DA:5743,0
DA:5744,0
end_of_record
